0 info it worked if it ends with ok
1 verbose cli [ '/usr/bin/node',
1 verbose cli   '/usr/bin/npm',
1 verbose cli   'install',
1 verbose cli   'readline-sync',
1 verbose cli   '-g' ]
2 info using npm@3.5.2
3 info using node@v8.10.0
4 silly loadCurrentTree Starting
5 silly install loadCurrentTree
6 silly install readGlobalPackageData
7 silly fetchPackageMetaData readline-sync
8 silly fetchNamedPackageData readline-sync
9 silly mapToRegistry name readline-sync
10 silly mapToRegistry using default registry
11 silly mapToRegistry registry https://registry.npmjs.org/
12 silly mapToRegistry uri https://registry.npmjs.org/readline-sync
13 verbose request uri https://registry.npmjs.org/readline-sync
14 verbose request no auth needed
15 info attempt registry request try #1 at 9:42:23 PM
16 verbose request id 939f057d8a67ff02
17 verbose etag W/"f6c6b8c2c132088b6096426b77f7f487"
18 verbose lastModified Sat, 27 Jul 2019 13:00:12 GMT
19 http request GET https://registry.npmjs.org/readline-sync
20 http 304 https://registry.npmjs.org/readline-sync
21 verbose headers { date: 'Sun, 18 Aug 2019 14:42:24 GMT',
21 verbose headers   connection: 'keep-alive',
21 verbose headers   'set-cookie':
21 verbose headers    [ '__cfduid=d9db5a28868543859dca100fff3727c1d1566139343; expires=Mon, 17-Aug-20 14:42:23 GMT; path=/; domain=.npmjs.org; HttpOnly' ],
21 verbose headers   'cf-cache-status': 'MISS',
21 verbose headers   'cache-control': 'max-age=300',
21 verbose headers   'cf-ray': '5084a772c9c9d1a3-HKG',
21 verbose headers   etag: '"f6c6b8c2c132088b6096426b77f7f487"',
21 verbose headers   'expect-ct': 'max-age=604800, report-uri="https://report-uri.cloudflare.com/cdn-cgi/beacon/expect-ct"',
21 verbose headers   'last-modified': 'Sat, 27 Jul 2019 13:00:12 GMT',
21 verbose headers   vary: 'accept-encoding, accept',
21 verbose headers   'x-amz-meta-rev': '151-d5019eae98bd8fb57c278b1c8505ccb4',
21 verbose headers   server: 'cloudflare' }
22 silly get cb [ 304,
22 silly get   { date: 'Sun, 18 Aug 2019 14:42:24 GMT',
22 silly get     connection: 'keep-alive',
22 silly get     'set-cookie':
22 silly get      [ '__cfduid=d9db5a28868543859dca100fff3727c1d1566139343; expires=Mon, 17-Aug-20 14:42:23 GMT; path=/; domain=.npmjs.org; HttpOnly' ],
22 silly get     'cf-cache-status': 'MISS',
22 silly get     'cache-control': 'max-age=300',
22 silly get     'cf-ray': '5084a772c9c9d1a3-HKG',
22 silly get     etag: '"f6c6b8c2c132088b6096426b77f7f487"',
22 silly get     'expect-ct': 'max-age=604800, report-uri="https://report-uri.cloudflare.com/cdn-cgi/beacon/expect-ct"',
22 silly get     'last-modified': 'Sat, 27 Jul 2019 13:00:12 GMT',
22 silly get     vary: 'accept-encoding, accept',
22 silly get     'x-amz-meta-rev': '151-d5019eae98bd8fb57c278b1c8505ccb4',
22 silly get     server: 'cloudflare' } ]
23 verbose etag https://registry.npmjs.org/readline-sync from cache
24 verbose get saving readline-sync to /home/sonpro/.npm/registry.npmjs.org/readline-sync/.cache.json
25 silly install normalizeTree
26 silly loadCurrentTree Finishing
27 silly loadIdealTree Starting
28 silly install loadIdealTree
29 silly cloneCurrentTree Starting
30 silly install cloneCurrentTreeToIdealTree
31 silly cloneCurrentTree Finishing
32 silly loadShrinkwrap Starting
33 silly install loadShrinkwrap
34 silly loadShrinkwrap Finishing
35 silly loadAllDepsIntoIdealTree Starting
36 silly install loadAllDepsIntoIdealTree
37 silly resolveWithNewModule readline-sync@1.4.10 checking installable status
38 silly cache add args [ 'readline-sync', null ]
39 verbose cache add spec readline-sync
40 silly cache add parsed spec Result {
40 silly cache add   raw: 'readline-sync',
40 silly cache add   scope: null,
40 silly cache add   name: 'readline-sync',
40 silly cache add   rawSpec: '',
40 silly cache add   spec: 'latest',
40 silly cache add   type: 'tag' }
41 silly addNamed readline-sync@latest
42 verbose addNamed "latest" is being treated as a dist-tag for readline-sync
43 info addNameTag [ 'readline-sync', 'latest' ]
44 silly mapToRegistry name readline-sync
45 silly mapToRegistry using default registry
46 silly mapToRegistry registry https://registry.npmjs.org/
47 silly mapToRegistry uri https://registry.npmjs.org/readline-sync
48 verbose addNameTag registry:https://registry.npmjs.org/readline-sync not in flight; fetching
49 verbose get https://registry.npmjs.org/readline-sync not expired, no request
50 silly addNameTag next cb for readline-sync with tag latest
51 silly addNamed readline-sync@1.4.10
52 verbose addNamed "1.4.10" is a plain semver version for readline-sync
53 silly cache afterAdd readline-sync@1.4.10
54 verbose afterAdd /home/sonpro/.npm/readline-sync/1.4.10/package/package.json not in flight; writing
55 verbose afterAdd /home/sonpro/.npm/readline-sync/1.4.10/package/package.json written
56 silly loadAllDepsIntoIdealTree Finishing
57 silly idealTree:prePrune lib
57 silly idealTree:prePrune └── readline-sync@1.4.10
58 silly loadIdealTree Finishing
59 silly currentTree lib
60 silly idealTree lib
60 silly idealTree └── readline-sync@1.4.10
61 silly generateActionsToTake Starting
62 silly install generateActionsToTake
63 warn checkPermissions Missing write access to /usr/local/lib
64 silly rollbackFailedOptional Starting
65 silly rollbackFailedOptional Finishing
66 silly runTopLevelLifecycles Starting
67 silly runTopLevelLifecycles Finishing
68 silly install printInstalled
69 verbose stack Error: EACCES: permission denied, access '/usr/local/lib'
70 verbose cwd /home/sonpro/node_js/quick_sort
71 error Linux 4.15.0-58-generic
72 error argv "/usr/bin/node" "/usr/bin/npm" "install" "readline-sync" "-g"
73 error node v8.10.0
74 error npm  v3.5.2
75 error path /usr/local/lib
76 error code EACCES
77 error errno -13
78 error syscall access
79 error Error: EACCES: permission denied, access '/usr/local/lib'
79 error  { Error: EACCES: permission denied, access '/usr/local/lib'
79 error   errno: -13,
79 error   code: 'EACCES',
79 error   syscall: 'access',
79 error   path: '/usr/local/lib' }
80 error Please try running this command again as root/Administrator.
81 verbose exit [ -13, true ]
